19:25:45.124 Running build in Washington, D.C., USA (East) – iad1
19:25:45.124 Build machine configuration: 2 cores, 8 GB
19:25:45.133 Cloning github.com/developersunilb/eluppam (Branch: main, Commit: c61a92f)
19:25:45.134 Skipping build cache, deployment was triggered without cache.
19:25:48.462 Cloning completed: 3.329s
19:25:48.938 Running "vercel build"
19:25:50.026 Vercel CLI 48.9.0
19:25:50.417 Running "install" command: `npm install --force`...
19:25:50.712 npm warn using --force Recommended protections disabled.
19:25:52.296 npm warn ERESOLVE overriding peer dependency
19:25:52.297 npm warn While resolving: next-themes@0.3.0
19:25:52.297 npm warn Found: react@19.2.0
19:25:52.297 npm warn node_modules/react
19:25:52.297 npm warn   react@"^19.2.0" from the root project
19:25:52.297 npm warn   83 more (@floating-ui/react-dom, @radix-ui/react-accordion, ...)
19:25:52.298 npm warn
19:25:52.298 npm warn Could not resolve dependency:
19:25:52.298 npm warn peer react@"^16.8 || ^17 || ^18" from next-themes@0.3.0
19:25:52.298 npm warn node_modules/next-themes
19:25:52.298 npm warn   next-themes@"^0.3.0" from the root project
19:25:52.298 npm warn
19:25:52.298 npm warn Conflicting peer dependency: react@18.3.1
19:25:52.298 npm warn node_modules/react
19:25:52.298 npm warn   peer react@"^16.8 || ^17 || ^18" from next-themes@0.3.0
19:25:52.298 npm warn   node_modules/next-themes
19:25:52.298 npm warn     next-themes@"^0.3.0" from the root project
19:25:52.317 npm warn ERESOLVE overriding peer dependency
19:25:52.317 npm warn While resolving: next-themes@0.3.0
19:25:52.318 npm warn Found: react-dom@19.2.0
19:25:52.318 npm warn node_modules/react-dom
19:25:52.318 npm warn   react-dom@"^19.2.0" from the root project
19:25:52.318 npm warn   50 more (@floating-ui/react-dom, @radix-ui/react-accordion, ...)
19:25:52.319 npm warn
19:25:52.319 npm warn Could not resolve dependency:
19:25:52.319 npm warn peer react-dom@"^16.8 || ^17 || ^18" from next-themes@0.3.0
19:25:52.319 npm warn node_modules/next-themes
19:25:52.319 npm warn   next-themes@"^0.3.0" from the root project
19:25:52.320 npm warn
19:25:52.320 npm warn Conflicting peer dependency: react-dom@18.3.1
19:25:52.320 npm warn node_modules/react-dom
19:25:52.320 npm warn   peer react-dom@"^16.8 || ^17 || ^18" from next-themes@0.3.0
19:25:52.321 npm warn   node_modules/next-themes
19:25:52.321 npm warn     next-themes@"^0.3.0" from the root project
19:25:52.409 npm warn ERESOLVE overriding peer dependency
19:25:52.410 npm warn While resolving: react-day-picker@8.10.1
19:25:52.410 npm warn Found: react@19.2.0
19:25:52.410 npm warn node_modules/react
19:25:52.410 npm warn   react@"^19.2.0" from the root project
19:25:52.410 npm warn   83 more (@floating-ui/react-dom, @radix-ui/react-accordion, ...)
19:25:52.410 npm warn
19:25:52.411 npm warn Could not resolve dependency:
19:25:52.411 npm warn peer react@"^16.8.0 || ^17.0.0 || ^18.0.0" from react-day-picker@8.10.1
19:25:52.411 npm warn node_modules/react-day-picker
19:25:52.411 npm warn   react-day-picker@"^8.10.1" from the root project
19:25:52.411 npm warn
19:25:52.411 npm warn Conflicting peer dependency: react@18.3.1
19:25:52.411 npm warn node_modules/react
19:25:52.412 npm warn   peer react@"^16.8.0 || ^17.0.0 || ^18.0.0" from react-day-picker@8.10.1
19:25:52.412 npm warn   node_modules/react-day-picker
19:25:52.412 npm warn     react-day-picker@"^8.10.1" from the root project
19:25:52.630 npm warn ERESOLVE overriding peer dependency
19:25:52.630 npm warn While resolving: vaul@0.9.9
19:25:52.631 npm warn Found: react@19.2.0
19:25:52.631 npm warn node_modules/react
19:25:52.631 npm warn   react@"^19.2.0" from the root project
19:25:52.631 npm warn   83 more (@floating-ui/react-dom, @radix-ui/react-accordion, ...)
19:25:52.631 npm warn
19:25:52.631 npm warn Could not resolve dependency:
19:25:52.631 npm warn peer react@"^16.8 || ^17.0 || ^18.0" from vaul@0.9.9
19:25:52.631 npm warn node_modules/vaul
19:25:52.632 npm warn   vaul@"^0.9.9" from the root project
19:25:52.632 npm warn
19:25:52.632 npm warn Conflicting peer dependency: react@18.3.1
19:25:52.632 npm warn node_modules/react
19:25:52.632 npm warn   peer react@"^16.8 || ^17.0 || ^18.0" from vaul@0.9.9
19:25:52.632 npm warn   node_modules/vaul
19:25:52.633 npm warn     vaul@"^0.9.9" from the root project
19:25:52.664 npm warn ERESOLVE overriding peer dependency
19:25:52.665 npm warn While resolving: vaul@0.9.9
19:25:52.665 npm warn Found: react-dom@19.2.0
19:25:52.666 npm warn node_modules/react-dom
19:25:52.666 npm warn   react-dom@"^19.2.0" from the root project
19:25:52.666 npm warn   50 more (@floating-ui/react-dom, @radix-ui/react-accordion, ...)
19:25:52.666 npm warn
19:25:52.666 npm warn Could not resolve dependency:
19:25:52.666 npm warn peer react-dom@"^16.8 || ^17.0 || ^18.0" from vaul@0.9.9
19:25:52.667 npm warn node_modules/vaul
19:25:52.672 npm warn   vaul@"^0.9.9" from the root project
19:25:52.672 npm warn
19:25:52.672 npm warn Conflicting peer dependency: react-dom@18.3.1
19:25:52.672 npm warn node_modules/react-dom
19:25:52.672 npm warn   peer react-dom@"^16.8 || ^17.0 || ^18.0" from vaul@0.9.9
19:25:52.672 npm warn   node_modules/vaul
19:25:52.672 npm warn     vaul@"^0.9.9" from the root project
19:25:54.597 npm warn deprecated rimraf@3.0.2: Rimraf versions prior to v4 are no longer supported
19:25:55.532 npm warn deprecated inflight@1.0.6: This module is not supported, and leaks memory. Do not use it. Check out lru-cache if you want a good and tested way to coalesce async requests by a key value, which is much more comprehensive and powerful.
19:25:55.845 npm warn deprecated glob@7.1.7: Glob versions prior to v9 are no longer supported
19:25:57.462 npm warn deprecated @humanwhocodes/config-array@0.11.14: Use @eslint/config-array instead
19:25:57.480 npm warn deprecated @humanwhocodes/object-schema@2.0.3: Use @eslint/object-schema instead
19:26:00.417 npm warn deprecated eslint@8.49.0: This version is no longer supported. Please see https://eslint.org/version-support for other options.
19:26:12.736 
19:26:12.736 added 594 packages, and audited 595 packages in 22s
19:26:12.737 
19:26:12.737 163 packages are looking for funding
19:26:12.737   run `npm fund` for details
19:26:12.737 
19:26:12.737 found 0 vulnerabilities
19:26:12.790 Detected Next.js version: 16.0.1
19:26:12.797 Running "npm run build"
19:26:12.907 
19:26:12.908 > nextjs@0.1.0 build
19:26:12.908 > next build
19:26:12.908 
19:26:13.508 Attention: Next.js now collects completely anonymous telemetry regarding usage.
19:26:13.508 This information is used to shape Next.js' roadmap and prioritize features.
19:26:13.509 You can learn more, including how to opt-out if you'd not like to participate in this anonymous program, by visiting the following URL:
19:26:13.509 https://nextjs.org/telemetry
19:26:13.509 
19:26:13.524    ▲ Next.js 16.0.1 (Turbopack)
19:26:13.524 
19:26:13.597    Creating an optimized production build ...
19:26:29.116  ✓ Compiled successfully in 15.2s
19:26:29.123    Running TypeScript ...
19:26:41.715    Collecting page data ...
19:26:42.180    Generating static pages (0/102) ...
19:26:42.935    Generating static pages (25/102) 
19:26:43.151    Generating static pages (50/102) 
19:26:43.359    Generating static pages (76/102) 
19:26:43.640  ✓ Generating static pages (102/102) in 1460.2ms
19:26:43.659    Finalizing page optimization ...
19:26:43.821 
19:26:43.824 Route (app)
19:26:43.824 ┌ ○ /
19:26:43.824 ├ ○ /_not-found
19:26:43.824 ├ ○ /admin
19:26:43.824 ├ ○ /admin/login
19:26:43.825 ├ ƒ /api/save-audio
19:26:43.825 ├ ƒ /api/save-badge
19:26:43.825 ├ ƒ /api/save-game-map
19:26:43.825 ├ ○ /badgesearned
19:26:43.825 ├ ○ /culture
19:26:43.825 ├ ○ /editor
19:26:43.825 ├ ○ /games
19:26:43.825 ├ ● /games/[slug]
19:26:43.825 │ ├ /games/sound-match
19:26:43.825 │ ├ /games/soundscape-explorer
19:26:43.825 │ ├ /games/fruit-catch-vocabulary
19:26:43.825 │ └ [+39 more paths]
19:26:43.826 ├ ○ /games/kootaksharam-builder
19:26:43.826 ├ ○ /learn
19:26:43.826 ├ ○ /learn/about-yourself
19:26:43.826 ├ ○ /learn/chillaksharangal
19:26:43.826 ├ ○ /learn/common-words
19:26:43.826 ├ ○ /learn/consonants
19:26:43.826 ├ ○ /learn/kootaksharangal
19:26:43.826 ├ ● /learn/kootaksharangal/[category]
19:26:43.826 │ ├ /learn/kootaksharangal/ka
19:26:43.826 │ ├ /learn/kootaksharangal/ga
19:26:43.826 │ ├ /learn/kootaksharangal/nga
19:26:43.826 │ └ [+21 more paths]
19:26:43.826 ├ ○ /learn/numbers
19:26:43.826 ├ ○ /learn/vowels
19:26:43.826 ├ ○ /learn/writing-practice
19:26:43.826 ├ ○ /play
19:26:43.827 ├ ○ /practice
19:26:43.831 ├ ○ /practice/about-yourself
19:26:43.831 ├ ○ /practice/chillaksharangal
19:26:43.831 ├ ○ /practice/common-words
19:26:43.831 ├ ○ /practice/consonants
19:26:43.831 ├ ○ /practice/handwriting
19:26:43.831 ├ ○ /practice/kootaksharangal
19:26:43.831 ├ ○ /practice/numbers
19:26:43.831 ├ ○ /practice/vowels
19:26:43.831 ├ ○ /progress
19:26:43.831 ├ ○ /progress/faq
19:26:43.831 ├ ○ /review
19:26:43.831 └ ○ /review/all
19:26:43.831 
19:26:43.831 
19:26:43.832 ○  (Static)   prerendered as static content
19:26:43.832 ●  (SSG)      prerendered as static HTML (uses generateStaticParams)
19:26:43.832 ƒ  (Dynamic)  server-rendered on demand
19:26:43.832 
19:26:43.855 
19:26:43.855 > nextjs@0.1.0 postbuild
19:26:43.863 > xcopy public\image out\image /E /I /Y
19:26:43.863 
19:26:43.863 sh: line 1: xcopy: command not found
19:26:43.876 Error: Command "npm run build" exited with 127